<?xml version="1.0" encoding="UTF-8"?>
<!-- Generated by org.testng.reporters.JUnitReportReporter -->
<testsuite hostname="DESKTOP-AGDJGKU" failures="0" tests="2" name="tests.YahooPageTest2" time="29.816" errors="0" timestamp="2023-04-26T21:05:09 CDT" skipped="0">
  <testcase classname="tests.YahooPageTest2" name="getAllTabDetailsOnTabItemByTextOnHomePageTest" time="9.380"/>
  <system-out/>
  <testcase classname="tests.YahooPageTest2" name="clickOnTabItemByTextOnHomePageTest" time="20.436"/>
  <system-out/>
</testsuite> <!-- tests.YahooPageTest2 -->
