<?xml version="1.0" encoding="UTF-8"?>
<!-- Generated by org.testng.reporters.JUnitReportReporter -->
<testsuite skipped="0" hostname="PC-OLD" name="tests.YahooPageTest" tests="2" failures="0" timestamp="18 Apr 2023 20:46:25 GMT" time="73.581" errors="0">
  <testcase name="getAllTabDetailsOnTabItemByTextOnHomePageTest" time="11.989" classname="tests.YahooPageTest"/>
  <testcase name="clickOnTabItemByTextOnHomePageTest" time="61.592" classname="tests.YahooPageTest"/>
</testsuite> <!-- tests.YahooPageTest -->
